<?xml version="1.0" encoding="UTF-8"?><testrun name="invoice-service" project="invoice-service" tests="49" started="49" failures="3" errors="1" ignored="0">
  <testsuite name="com.cropDetails.Invoice.ServiceTestCases.InvoiceServiceImplTest" time="0.301" displayname="InvoiceServiceImplTest" uniqueid="[engine:junit-jupiter]/[class:com.cropDetails.Invoice.ServiceTestCases.InvoiceServiceImplTest]">
    <testcase name="testGenerateInvoice" classname="com.cropDetails.Invoice.ServiceTestCases.InvoiceServiceImplTest" time="0.141" displayname="testGenerateInvoice()" uniqueid="[engine:junit-jupiter]/[class:com.cropDetails.Invoice.ServiceTestCases.InvoiceServiceImplTest]/[method:testGenerateInvoice()]"/>
    <testcase name="testGetAllInvoices" classname="com.cropDetails.Invoice.ServiceTestCases.InvoiceServiceImplTest" time="0.009" displayname="testGetAllInvoices()" uniqueid="[engine:junit-jupiter]/[class:com.cropDetails.Invoice.ServiceTestCases.InvoiceServiceImplTest]/[method:testGetAllInvoices()]"/>
    <testcase name="testGetAllInvoices_NoInvoicesFound" classname="com.cropDetails.Invoice.ServiceTestCases.InvoiceServiceImplTest" time="0.012" displayname="testGetAllInvoices_NoInvoicesFound()" uniqueid="[engine:junit-jupiter]/[class:com.cropDetails.Invoice.ServiceTestCases.InvoiceServiceImplTest]/[method:testGetAllInvoices_NoInvoicesFound()]"/>
    <testcase name="testBuyCrops_NotFarmerException" classname="com.cropDetails.Invoice.ServiceTestCases.InvoiceServiceImplTest" time="0.011" displayname="testBuyCrops_NotFarmerException()" uniqueid="[engine:junit-jupiter]/[class:com.cropDetails.Invoice.ServiceTestCases.InvoiceServiceImplTest]/[method:testBuyCrops_NotFarmerException()]"/>
    <testcase name="testCancelInvoice_InvoiceNotFound" classname="com.cropDetails.Invoice.ServiceTestCases.InvoiceServiceImplTest" time="0.01" displayname="testCancelInvoice_InvoiceNotFound()" uniqueid="[engine:junit-jupiter]/[class:com.cropDetails.Invoice.ServiceTestCases.InvoiceServiceImplTest]/[method:testCancelInvoice_InvoiceNotFound()]"/>
    <testcase name="testBuyCrops" classname="com.cropDetails.Invoice.ServiceTestCases.InvoiceServiceImplTest" time="0.014" displayname="testBuyCrops()" uniqueid="[engine:junit-jupiter]/[class:com.cropDetails.Invoice.ServiceTestCases.InvoiceServiceImplTest]/[method:testBuyCrops()]">
      <error>com.cropDetails.Invoice.Exceptions.InSufficentQuantityException&#13;
	at com.cropDetails.Invoice.Service.InvoiceServiceImpl.buyCrops(InvoiceServiceImpl.java:96)&#13;
	at com.cropDetails.Invoice.ServiceTestCases.InvoiceServiceImplTest.testBuyCrops(InvoiceServiceImplTest.java:117)&#13;
	at java.base/jdk.internal.reflect.NativeMethodAccessorImpl.invoke0(Native Method)&#13;
	at java.base/jdk.internal.reflect.NativeMethodAccessorImpl.invoke(NativeMethodAccessorImpl.java:77)&#13;
	at java.base/jdk.internal.reflect.DelegatingMethodAccessorImpl.invoke(DelegatingMethodAccessorImpl.java:43)&#13;
	at java.base/java.lang.reflect.Method.invoke(Method.java:568)&#13;
	at org.junit.platform.commons.util.ReflectionUtils.invokeMethod(ReflectionUtils.java:727)&#13;
	at org.junit.jupiter.engine.execution.MethodInvocation.proceed(MethodInvocation.java:60)&#13;
	at org.junit.jupiter.engine.execution.InvocationInterceptorChain$ValidatingInvocation.proceed(InvocationInterceptorChain.java:131)&#13;
	at org.junit.jupiter.engine.extension.TimeoutExtension.intercept(TimeoutExtension.java:156)&#13;
	at org.junit.jupiter.engine.extension.TimeoutExtension.interceptTestableMethod(TimeoutExtension.java:147)&#13;
	at org.junit.jupiter.engine.extension.TimeoutExtension.interceptTestMethod(TimeoutExtension.java:86)&#13;
	at org.junit.jupiter.engine.execution.InterceptingExecutableInvoker$ReflectiveInterceptorCall.lambda$ofVoidMethod$0(InterceptingExecutableInvoker.java:103)&#13;
	at org.junit.jupiter.engine.execution.InterceptingExecutableInvoker.lambda$invoke$0(InterceptingExecutableInvoker.java:93)&#13;
	at org.junit.jupiter.engine.execution.InvocationInterceptorChain$InterceptedInvocation.proceed(InvocationInterceptorChain.java:106)&#13;
	at org.junit.jupiter.engine.execution.InvocationInterceptorChain.proceed(InvocationInterceptorChain.java:64)&#13;
	at org.junit.jupiter.engine.execution.InvocationInterceptorChain.chainAndInvoke(InvocationInterceptorChain.java:45)&#13;
	at org.junit.jupiter.engine.execution.InvocationInterceptorChain.invoke(InvocationInterceptorChain.java:37)&#13;
	at org.junit.jupiter.engine.execution.InterceptingExecutableInvoker.invoke(InterceptingExecutableInvoker.java:92)&#13;
	at org.junit.jupiter.engine.execution.InterceptingExecutableInvoker.invoke(InterceptingExecutableInvoker.java:86)&#13;
	at org.junit.jupiter.engine.descriptor.TestMethodTestDescriptor.lambda$invokeTestMethod$7(TestMethodTestDescriptor.java:217)&#13;
	at org.junit.platform.engine.support.hierarchical.ThrowableCollector.execute(ThrowableCollector.java:73)&#13;
	at org.junit.jupiter.engine.descriptor.TestMethodTestDescriptor.invokeTestMethod(TestMethodTestDescriptor.java:213)&#13;
	at org.junit.jupiter.engine.descriptor.TestMethodTestDescriptor.execute(TestMethodTestDescriptor.java:138)&#13;
	at org.junit.jupiter.engine.descriptor.TestMethodTestDescriptor.execute(TestMethodTestDescriptor.java:68)&#13;
	at org.junit.platform.engine.support.hierarchical.NodeTestTask.lambda$executeRecursively$6(NodeTestTask.java:151)&#13;
	at org.junit.platform.engine.support.hierarchical.ThrowableCollector.execute(ThrowableCollector.java:73)&#13;
	at org.junit.platform.engine.support.hierarchical.NodeTestTask.lambda$executeRecursively$8(NodeTestTask.java:141)&#13;
	at org.junit.platform.engine.support.hierarchical.Node.around(Node.java:137)&#13;
	at org.junit.platform.engine.support.hierarchical.NodeTestTask.lambda$executeRecursively$9(NodeTestTask.java:139)&#13;
	at org.junit.platform.engine.support.hierarchical.ThrowableCollector.execute(ThrowableCollector.java:73)&#13;
	at org.junit.platform.engine.support.hierarchical.NodeTestTask.executeRecursively(NodeTestTask.java:138)&#13;
	at org.junit.platform.engine.support.hierarchical.NodeTestTask.execute(NodeTestTask.java:95)&#13;
	at java.base/java.util.ArrayList.forEach(ArrayList.java:1511)&#13;
	at org.junit.platform.engine.support.hierarchical.SameThreadHierarchicalTestExecutorService.invokeAll(SameThreadHierarchicalTestExecutorService.java:41)&#13;
	at org.junit.platform.engine.support.hierarchical.NodeTestTask.lambda$executeRecursively$6(NodeTestTask.java:155)&#13;
	at org.junit.platform.engine.support.hierarchical.ThrowableCollector.execute(ThrowableCollector.java:73)&#13;
	at org.junit.platform.engine.support.hierarchical.NodeTestTask.lambda$executeRecursively$8(NodeTestTask.java:141)&#13;
	at org.junit.platform.engine.support.hierarchical.Node.around(Node.java:137)&#13;
	at org.junit.platform.engine.support.hierarchical.NodeTestTask.lambda$executeRecursively$9(NodeTestTask.java:139)&#13;
	at org.junit.platform.engine.support.hierarchical.ThrowableCollector.execute(ThrowableCollector.java:73)&#13;
	at org.junit.platform.engine.support.hierarchical.NodeTestTask.executeRecursively(NodeTestTask.java:138)&#13;
	at org.junit.platform.engine.support.hierarchical.NodeTestTask.execute(NodeTestTask.java:95)&#13;
	at java.base/java.util.ArrayList.forEach(ArrayList.java:1511)&#13;
	at org.junit.platform.engine.support.hierarchical.SameThreadHierarchicalTestExecutorService.invokeAll(SameThreadHierarchicalTestExecutorService.java:41)&#13;
	at org.junit.platform.engine.support.hierarchical.NodeTestTask.lambda$executeRecursively$6(NodeTestTask.java:155)&#13;
	at org.junit.platform.engine.support.hierarchical.ThrowableCollector.execute(ThrowableCollector.java:73)&#13;
	at org.junit.platform.engine.support.hierarchical.NodeTestTask.lambda$executeRecursively$8(NodeTestTask.java:141)&#13;
	at org.junit.platform.engine.support.hierarchical.Node.around(Node.java:137)&#13;
	at org.junit.platform.engine.support.hierarchical.NodeTestTask.lambda$executeRecursively$9(NodeTestTask.java:139)&#13;
	at org.junit.platform.engine.support.hierarchical.ThrowableCollector.execute(ThrowableCollector.java:73)&#13;
	at org.junit.platform.engine.support.hierarchical.NodeTestTask.executeRecursively(NodeTestTask.java:138)&#13;
	at org.junit.platform.engine.support.hierarchical.NodeTestTask.execute(NodeTestTask.java:95)&#13;
	at org.junit.platform.engine.support.hierarchical.SameThreadHierarchicalTestExecutorService.submit(SameThreadHierarchicalTestExecutorService.java:35)&#13;
	at org.junit.platform.engine.support.hierarchical.HierarchicalTestExecutor.execute(HierarchicalTestExecutor.java:57)&#13;
	at org.junit.platform.engine.support.hierarchical.HierarchicalTestEngine.execute(HierarchicalTestEngine.java:54)&#13;
	at org.junit.platform.launcher.core.EngineExecutionOrchestrator.execute(EngineExecutionOrchestrator.java:147)&#13;
	at org.junit.platform.launcher.core.EngineExecutionOrchestrator.execute(EngineExecutionOrchestrator.java:127)&#13;
	at org.junit.platform.launcher.core.EngineExecutionOrchestrator.execute(EngineExecutionOrchestrator.java:90)&#13;
	at org.junit.platform.launcher.core.EngineExecutionOrchestrator.lambda$execute$0(EngineExecutionOrchestrator.java:55)&#13;
	at org.junit.platform.launcher.core.EngineExecutionOrchestrator.withInterceptedStreams(EngineExecutionOrchestrator.java:102)&#13;
	at org.junit.platform.launcher.core.EngineExecutionOrchestrator.execute(EngineExecutionOrchestrator.java:54)&#13;
	at org.junit.platform.launcher.core.DefaultLauncher.execute(DefaultLauncher.java:114)&#13;
	at org.junit.platform.launcher.core.DefaultLauncher.execute(DefaultLauncher.java:95)&#13;
	at org.junit.platform.launcher.core.DefaultLauncherSession$DelegatingLauncher.execute(DefaultLauncherSession.java:91)&#13;
	at org.junit.platform.launcher.core.SessionPerRequestLauncher.execute(SessionPerRequestLauncher.java:60)&#13;
	at org.eclipse.jdt.internal.junit5.runner.JUnit5TestReference.run(JUnit5TestReference.java:98)&#13;
	at org.eclipse.jdt.internal.junit.runner.TestExecution.run(TestExecution.java:40)&#13;
	at org.eclipse.jdt.internal.junit.runner.RemoteTestRunner.runTests(RemoteTestRunner.java:529)&#13;
	at org.eclipse.jdt.internal.junit.runner.RemoteTestRunner.runTests(RemoteTestRunner.java:756)&#13;
	at org.eclipse.jdt.internal.junit.runner.RemoteTestRunner.run(RemoteTestRunner.java:452)&#13;
	at org.eclipse.jdt.internal.junit.runner.RemoteTestRunner.main(RemoteTestRunner.java:210)&#13;
&#13;
</error>
    </testcase>
    <testcase name="testBuyCrops_InsufficientQuantityException" classname="com.cropDetails.Invoice.ServiceTestCases.InvoiceServiceImplTest" time="0.01" displayname="testBuyCrops_InsufficientQuantityException()" uniqueid="[engine:junit-jupiter]/[class:com.cropDetails.Invoice.ServiceTestCases.InvoiceServiceImplTest]/[method:testBuyCrops_InsufficientQuantityException()]"/>
    <testcase name="testBuyCrops_NoCropsFoundException" classname="com.cropDetails.Invoice.ServiceTestCases.InvoiceServiceImplTest" time="0.019" displayname="testBuyCrops_NoCropsFoundException()" uniqueid="[engine:junit-jupiter]/[class:com.cropDetails.Invoice.ServiceTestCases.InvoiceServiceImplTest]/[method:testBuyCrops_NoCropsFoundException()]">
      <failure>
        <expected>class com.cropDetails.Invoice.Exceptions.NoCropsFoundException</expected>
        <actual>class java.lang.NullPointerException</actual>
        org.opentest4j.AssertionFailedError: Unexpected exception type thrown, expected: &lt;com.cropDetails.Invoice.Exceptions.NoCropsFoundException&gt; but was: &lt;java.lang.NullPointerException&gt;&#13;
	at org.junit.jupiter.api.AssertionFailureBuilder.build(AssertionFailureBuilder.java:151)&#13;
	at org.junit.jupiter.api.AssertThrows.assertThrows(AssertThrows.java:67)&#13;
	at org.junit.jupiter.api.AssertThrows.assertThrows(AssertThrows.java:35)&#13;
	at org.junit.jupiter.api.Assertions.assertThrows(Assertions.java:3083)&#13;
	at com.cropDetails.Invoice.ServiceTestCases.InvoiceServiceImplTest.testBuyCrops_NoCropsFoundException(InvoiceServiceImplTest.java:141)&#13;
	at java.base/jdk.internal.reflect.NativeMethodAccessorImpl.invoke0(Native Method)&#13;
	at java.base/jdk.internal.reflect.NativeMethodAccessorImpl.invoke(NativeMethodAccessorImpl.java:77)&#13;
	at java.base/jdk.internal.reflect.DelegatingMethodAccessorImpl.invoke(DelegatingMethodAccessorImpl.java:43)&#13;
	at java.base/java.lang.reflect.Method.invoke(Method.java:568)&#13;
	at org.junit.platform.commons.util.ReflectionUtils.invokeMethod(ReflectionUtils.java:727)&#13;
	at org.junit.jupiter.engine.execution.MethodInvocation.proceed(MethodInvocation.java:60)&#13;
	at org.junit.jupiter.engine.execution.InvocationInterceptorChain$ValidatingInvocation.proceed(InvocationInterceptorChain.java:131)&#13;
	at org.junit.jupiter.engine.extension.TimeoutExtension.intercept(TimeoutExtension.java:156)&#13;
	at org.junit.jupiter.engine.extension.TimeoutExtension.interceptTestableMethod(TimeoutExtension.java:147)&#13;
	at org.junit.jupiter.engine.extension.TimeoutExtension.interceptTestMethod(TimeoutExtension.java:86)&#13;
	at org.junit.jupiter.engine.execution.InterceptingExecutableInvoker$ReflectiveInterceptorCall.lambda$ofVoidMethod$0(InterceptingExecutableInvoker.java:103)&#13;
	at org.junit.jupiter.engine.execution.InterceptingExecutableInvoker.lambda$invoke$0(InterceptingExecutableInvoker.java:93)&#13;
	at org.junit.jupiter.engine.execution.InvocationInterceptorChain$InterceptedInvocation.proceed(InvocationInterceptorChain.java:106)&#13;
	at org.junit.jupiter.engine.execution.InvocationInterceptorChain.proceed(InvocationInterceptorChain.java:64)&#13;
	at org.junit.jupiter.engine.execution.InvocationInterceptorChain.chainAndInvoke(InvocationInterceptorChain.java:45)&#13;
	at org.junit.jupiter.engine.execution.InvocationInterceptorChain.invoke(InvocationInterceptorChain.java:37)&#13;
	at org.junit.jupiter.engine.execution.InterceptingExecutableInvoker.invoke(InterceptingExecutableInvoker.java:92)&#13;
	at org.junit.jupiter.engine.execution.InterceptingExecutableInvoker.invoke(InterceptingExecutableInvoker.java:86)&#13;
	at org.junit.jupiter.engine.descriptor.TestMethodTestDescriptor.lambda$invokeTestMethod$7(TestMethodTestDescriptor.java:217)&#13;
	at org.junit.platform.engine.support.hierarchical.ThrowableCollector.execute(ThrowableCollector.java:73)&#13;
	at org.junit.jupiter.engine.descriptor.TestMethodTestDescriptor.invokeTestMethod(TestMethodTestDescriptor.java:213)&#13;
	at org.junit.jupiter.engine.descriptor.TestMethodTestDescriptor.execute(TestMethodTestDescriptor.java:138)&#13;
	at org.junit.jupiter.engine.descriptor.TestMethodTestDescriptor.execute(TestMethodTestDescriptor.java:68)&#13;
	at org.junit.platform.engine.support.hierarchical.NodeTestTask.lambda$executeRecursively$6(NodeTestTask.java:151)&#13;
	at org.junit.platform.engine.support.hierarchical.ThrowableCollector.execute(ThrowableCollector.java:73)&#13;
	at org.junit.platform.engine.support.hierarchical.NodeTestTask.lambda$executeRecursively$8(NodeTestTask.java:141)&#13;
	at org.junit.platform.engine.support.hierarchical.Node.around(Node.java:137)&#13;
	at org.junit.platform.engine.support.hierarchical.NodeTestTask.lambda$executeRecursively$9(NodeTestTask.java:139)&#13;
	at org.junit.platform.engine.support.hierarchical.ThrowableCollector.execute(ThrowableCollector.java:73)&#13;
	at org.junit.platform.engine.support.hierarchical.NodeTestTask.executeRecursively(NodeTestTask.java:138)&#13;
	at org.junit.platform.engine.support.hierarchical.NodeTestTask.execute(NodeTestTask.java:95)&#13;
	at java.base/java.util.ArrayList.forEach(ArrayList.java:1511)&#13;
	at org.junit.platform.engine.support.hierarchical.SameThreadHierarchicalTestExecutorService.invokeAll(SameThreadHierarchicalTestExecutorService.java:41)&#13;
	at org.junit.platform.engine.support.hierarchical.NodeTestTask.lambda$executeRecursively$6(NodeTestTask.java:155)&#13;
	at org.junit.platform.engine.support.hierarchical.ThrowableCollector.execute(ThrowableCollector.java:73)&#13;
	at org.junit.platform.engine.support.hierarchical.NodeTestTask.lambda$executeRecursively$8(NodeTestTask.java:141)&#13;
	at org.junit.platform.engine.support.hierarchical.Node.around(Node.java:137)&#13;
	at org.junit.platform.engine.support.hierarchical.NodeTestTask.lambda$executeRecursively$9(NodeTestTask.java:139)&#13;
	at org.junit.platform.engine.support.hierarchical.ThrowableCollector.execute(ThrowableCollector.java:73)&#13;
	at org.junit.platform.engine.support.hierarchical.NodeTestTask.executeRecursively(NodeTestTask.java:138)&#13;
	at org.junit.platform.engine.support.hierarchical.NodeTestTask.execute(NodeTestTask.java:95)&#13;
	at java.base/java.util.ArrayList.forEach(ArrayList.java:1511)&#13;
	at org.junit.platform.engine.support.hierarchical.SameThreadHierarchicalTestExecutorService.invokeAll(SameThreadHierarchicalTestExecutorService.java:41)&#13;
	at org.junit.platform.engine.support.hierarchical.NodeTestTask.lambda$executeRecursively$6(NodeTestTask.java:155)&#13;
	at org.junit.platform.engine.support.hierarchical.ThrowableCollector.execute(ThrowableCollector.java:73)&#13;
	at org.junit.platform.engine.support.hierarchical.NodeTestTask.lambda$executeRecursively$8(NodeTestTask.java:141)&#13;
	at org.junit.platform.engine.support.hierarchical.Node.around(Node.java:137)&#13;
	at org.junit.platform.engine.support.hierarchical.NodeTestTask.lambda$executeRecursively$9(NodeTestTask.java:139)&#13;
	at org.junit.platform.engine.support.hierarchical.ThrowableCollector.execute(ThrowableCollector.java:73)&#13;
	at org.junit.platform.engine.support.hierarchical.NodeTestTask.executeRecursively(NodeTestTask.java:138)&#13;
	at org.junit.platform.engine.support.hierarchical.NodeTestTask.execute(NodeTestTask.java:95)&#13;
	at org.junit.platform.engine.support.hierarchical.SameThreadHierarchicalTestExecutorService.submit(SameThreadHierarchicalTestExecutorService.java:35)&#13;
	at org.junit.platform.engine.support.hierarchical.HierarchicalTestExecutor.execute(HierarchicalTestExecutor.java:57)&#13;
	at org.junit.platform.engine.support.hierarchical.HierarchicalTestEngine.execute(HierarchicalTestEngine.java:54)&#13;
	at org.junit.platform.launcher.core.EngineExecutionOrchestrator.execute(EngineExecutionOrchestrator.java:147)&#13;
	at org.junit.platform.launcher.core.EngineExecutionOrchestrator.execute(EngineExecutionOrchestrator.java:127)&#13;
	at org.junit.platform.launcher.core.EngineExecutionOrchestrator.execute(EngineExecutionOrchestrator.java:90)&#13;
	at org.junit.platform.launcher.core.EngineExecutionOrchestrator.lambda$execute$0(EngineExecutionOrchestrator.java:55)&#13;
	at org.junit.platform.launcher.core.EngineExecutionOrchestrator.withInterceptedStreams(EngineExecutionOrchestrator.java:102)&#13;
	at org.junit.platform.launcher.core.EngineExecutionOrchestrator.execute(EngineExecutionOrchestrator.java:54)&#13;
	at org.junit.platform.launcher.core.DefaultLauncher.execute(DefaultLauncher.java:114)&#13;
	at org.junit.platform.launcher.core.DefaultLauncher.execute(DefaultLauncher.java:95)&#13;
	at org.junit.platform.launcher.core.DefaultLauncherSession$DelegatingLauncher.execute(DefaultLauncherSession.java:91)&#13;
	at org.junit.platform.launcher.core.SessionPerRequestLauncher.execute(SessionPerRequestLauncher.java:60)&#13;
	at org.eclipse.jdt.internal.junit5.runner.JUnit5TestReference.run(JUnit5TestReference.java:98)&#13;
	at org.eclipse.jdt.internal.junit.runner.TestExecution.run(TestExecution.java:40)&#13;
	at org.eclipse.jdt.internal.junit.runner.RemoteTestRunner.runTests(RemoteTestRunner.java:529)&#13;
	at org.eclipse.jdt.internal.junit.runner.RemoteTestRunner.runTests(RemoteTestRunner.java:756)&#13;
	at org.eclipse.jdt.internal.junit.runner.RemoteTestRunner.run(RemoteTestRunner.java:452)&#13;
	at org.eclipse.jdt.internal.junit.runner.RemoteTestRunner.main(RemoteTestRunner.java:210)&#13;
Caused by: java.lang.NullPointerException: Cannot invoke "com.cropDetails.Invoice.Dto.Crop.getUId()" because "crop" is null&#13;
	at com.cropDetails.Invoice.Service.InvoiceServiceImpl.buyCrops(InvoiceServiceImpl.java:78)&#13;
	at com.cropDetails.Invoice.ServiceTestCases.InvoiceServiceImplTest.lambda$3(InvoiceServiceImplTest.java:141)&#13;
	at org.junit.jupiter.api.AssertThrows.assertThrows(AssertThrows.java:53)&#13;
	... 73 more&#13;
&#13;

      </failure>
    </testcase>
    <testcase name="testCancelInvoice" classname="com.cropDetails.Invoice.ServiceTestCases.InvoiceServiceImplTest" time="0.034" displayname="testCancelInvoice()" uniqueid="[engine:junit-jupiter]/[class:com.cropDetails.Invoice.ServiceTestCases.InvoiceServiceImplTest]/[method:testCancelInvoice()]"/>
  </testsuite>
  <testsuite name="com.cropDetails.Invoice.ControllerTestCases.InvoiceControllerTest" time="0.063" displayname="InvoiceControllerTest" uniqueid="[engine:junit-jupiter]/[class:com.cropDetails.Invoice.ControllerTestCases.InvoiceControllerTest]">
    <testcase name="testGenerateInvoice" classname="com.cropDetails.Invoice.ControllerTestCases.InvoiceControllerTest" time="0.056" displayname="testGenerateInvoice()" uniqueid="[engine:junit-jupiter]/[class:com.cropDetails.Invoice.ControllerTestCases.InvoiceControllerTest]/[method:testGenerateInvoice()]"/>
    <testcase name="testGetAllInvoices" classname="com.cropDetails.Invoice.ControllerTestCases.InvoiceControllerTest" time="0.001" displayname="testGetAllInvoices()" uniqueid="[engine:junit-jupiter]/[class:com.cropDetails.Invoice.ControllerTestCases.InvoiceControllerTest]/[method:testGetAllInvoices()]"/>
    <testcase name="testGenerateInvoiceFailed" classname="com.cropDetails.Invoice.ControllerTestCases.InvoiceControllerTest" time="0.001" displayname="testGenerateInvoiceFailed()" uniqueid="[engine:junit-jupiter]/[class:com.cropDetails.Invoice.ControllerTestCases.InvoiceControllerTest]/[method:testGenerateInvoiceFailed()]"/>
    <testcase name="testBuyCrops" classname="com.cropDetails.Invoice.ControllerTestCases.InvoiceControllerTest" time="0.001" displayname="testBuyCrops()" uniqueid="[engine:junit-jupiter]/[class:com.cropDetails.Invoice.ControllerTestCases.InvoiceControllerTest]/[method:testBuyCrops()]"/>
    <testcase name="testCancelInvoice" classname="com.cropDetails.Invoice.ControllerTestCases.InvoiceControllerTest" time="0.001" displayname="testCancelInvoice()" uniqueid="[engine:junit-jupiter]/[class:com.cropDetails.Invoice.ControllerTestCases.InvoiceControllerTest]/[method:testCancelInvoice()]"/>
  </testsuite>
  <testsuite name="com.cropDetails.Invoice.CustomErrorTestCases.CustomErrorDecoderTest" time="0.28" displayname="CustomErrorDecoderTest" uniqueid="[engine:junit-jupiter]/[class:com.cropDetails.Invoice.CustomErrorTestCases.CustomErrorDecoderTest]">
    <testcase name="testDecodeWithResourceNotFoundException" classname="com.cropDetails.Invoice.CustomErrorTestCases.CustomErrorDecoderTest" time="0.156" displayname="testDecodeWithResourceNotFoundException()" uniqueid="[engine:junit-jupiter]/[class:com.cropDetails.Invoice.CustomErrorTestCases.CustomErrorDecoderTest]/[method:testDecodeWithResourceNotFoundException()]"/>
    <testcase name="testDecodeWithOtherStatus" classname="com.cropDetails.Invoice.CustomErrorTestCases.CustomErrorDecoderTest" time="0.121" displayname="testDecodeWithOtherStatus()" uniqueid="[engine:junit-jupiter]/[class:com.cropDetails.Invoice.CustomErrorTestCases.CustomErrorDecoderTest]/[method:testDecodeWithOtherStatus()]">
      <failure>org.opentest4j.AssertionFailedError: Expected feign.FeignException to be thrown, but nothing was thrown.&#13;
	at org.junit.jupiter.api.AssertionFailureBuilder.build(AssertionFailureBuilder.java:152)&#13;
	at org.junit.jupiter.api.AssertThrows.assertThrows(AssertThrows.java:73)&#13;
	at org.junit.jupiter.api.AssertThrows.assertThrows(AssertThrows.java:35)&#13;
	at org.junit.jupiter.api.Assertions.assertThrows(Assertions.java:3083)&#13;
	at com.cropDetails.Invoice.CustomErrorTestCases.CustomErrorDecoderTest.testDecodeWithOtherStatus(CustomErrorDecoderTest.java:65)&#13;
	at java.base/jdk.internal.reflect.NativeMethodAccessorImpl.invoke0(Native Method)&#13;
	at java.base/jdk.internal.reflect.NativeMethodAccessorImpl.invoke(NativeMethodAccessorImpl.java:77)&#13;
	at java.base/jdk.internal.reflect.DelegatingMethodAccessorImpl.invoke(DelegatingMethodAccessorImpl.java:43)&#13;
	at java.base/java.lang.reflect.Method.invoke(Method.java:568)&#13;
	at org.junit.platform.commons.util.ReflectionUtils.invokeMethod(ReflectionUtils.java:727)&#13;
	at org.junit.jupiter.engine.execution.MethodInvocation.proceed(MethodInvocation.java:60)&#13;
	at org.junit.jupiter.engine.execution.InvocationInterceptorChain$ValidatingInvocation.proceed(InvocationInterceptorChain.java:131)&#13;
	at org.junit.jupiter.engine.extension.TimeoutExtension.intercept(TimeoutExtension.java:156)&#13;
	at org.junit.jupiter.engine.extension.TimeoutExtension.interceptTestableMethod(TimeoutExtension.java:147)&#13;
	at org.junit.jupiter.engine.extension.TimeoutExtension.interceptTestMethod(TimeoutExtension.java:86)&#13;
	at org.junit.jupiter.engine.execution.InterceptingExecutableInvoker$ReflectiveInterceptorCall.lambda$ofVoidMethod$0(InterceptingExecutableInvoker.java:103)&#13;
	at org.junit.jupiter.engine.execution.InterceptingExecutableInvoker.lambda$invoke$0(InterceptingExecutableInvoker.java:93)&#13;
	at org.junit.jupiter.engine.execution.InvocationInterceptorChain$InterceptedInvocation.proceed(InvocationInterceptorChain.java:106)&#13;
	at org.junit.jupiter.engine.execution.InvocationInterceptorChain.proceed(InvocationInterceptorChain.java:64)&#13;
	at org.junit.jupiter.engine.execution.InvocationInterceptorChain.chainAndInvoke(InvocationInterceptorChain.java:45)&#13;
	at org.junit.jupiter.engine.execution.InvocationInterceptorChain.invoke(InvocationInterceptorChain.java:37)&#13;
	at org.junit.jupiter.engine.execution.InterceptingExecutableInvoker.invoke(InterceptingExecutableInvoker.java:92)&#13;
	at org.junit.jupiter.engine.execution.InterceptingExecutableInvoker.invoke(InterceptingExecutableInvoker.java:86)&#13;
	at org.junit.jupiter.engine.descriptor.TestMethodTestDescriptor.lambda$invokeTestMethod$7(TestMethodTestDescriptor.java:217)&#13;
	at org.junit.platform.engine.support.hierarchical.ThrowableCollector.execute(ThrowableCollector.java:73)&#13;
	at org.junit.jupiter.engine.descriptor.TestMethodTestDescriptor.invokeTestMethod(TestMethodTestDescriptor.java:213)&#13;
	at org.junit.jupiter.engine.descriptor.TestMethodTestDescriptor.execute(TestMethodTestDescriptor.java:138)&#13;
	at org.junit.jupiter.engine.descriptor.TestMethodTestDescriptor.execute(TestMethodTestDescriptor.java:68)&#13;
	at org.junit.platform.engine.support.hierarchical.NodeTestTask.lambda$executeRecursively$6(NodeTestTask.java:151)&#13;
	at org.junit.platform.engine.support.hierarchical.ThrowableCollector.execute(ThrowableCollector.java:73)&#13;
	at org.junit.platform.engine.support.hierarchical.NodeTestTask.lambda$executeRecursively$8(NodeTestTask.java:141)&#13;
	at org.junit.platform.engine.support.hierarchical.Node.around(Node.java:137)&#13;
	at org.junit.platform.engine.support.hierarchical.NodeTestTask.lambda$executeRecursively$9(NodeTestTask.java:139)&#13;
	at org.junit.platform.engine.support.hierarchical.ThrowableCollector.execute(ThrowableCollector.java:73)&#13;
	at org.junit.platform.engine.support.hierarchical.NodeTestTask.executeRecursively(NodeTestTask.java:138)&#13;
	at org.junit.platform.engine.support.hierarchical.NodeTestTask.execute(NodeTestTask.java:95)&#13;
	at java.base/java.util.ArrayList.forEach(ArrayList.java:1511)&#13;
	at org.junit.platform.engine.support.hierarchical.SameThreadHierarchicalTestExecutorService.invokeAll(SameThreadHierarchicalTestExecutorService.java:41)&#13;
	at org.junit.platform.engine.support.hierarchical.NodeTestTask.lambda$executeRecursively$6(NodeTestTask.java:155)&#13;
	at org.junit.platform.engine.support.hierarchical.ThrowableCollector.execute(ThrowableCollector.java:73)&#13;
	at org.junit.platform.engine.support.hierarchical.NodeTestTask.lambda$executeRecursively$8(NodeTestTask.java:141)&#13;
	at org.junit.platform.engine.support.hierarchical.Node.around(Node.java:137)&#13;
	at org.junit.platform.engine.support.hierarchical.NodeTestTask.lambda$executeRecursively$9(NodeTestTask.java:139)&#13;
	at org.junit.platform.engine.support.hierarchical.ThrowableCollector.execute(ThrowableCollector.java:73)&#13;
	at org.junit.platform.engine.support.hierarchical.NodeTestTask.executeRecursively(NodeTestTask.java:138)&#13;
	at org.junit.platform.engine.support.hierarchical.NodeTestTask.execute(NodeTestTask.java:95)&#13;
	at java.base/java.util.ArrayList.forEach(ArrayList.java:1511)&#13;
	at org.junit.platform.engine.support.hierarchical.SameThreadHierarchicalTestExecutorService.invokeAll(SameThreadHierarchicalTestExecutorService.java:41)&#13;
	at org.junit.platform.engine.support.hierarchical.NodeTestTask.lambda$executeRecursively$6(NodeTestTask.java:155)&#13;
	at org.junit.platform.engine.support.hierarchical.ThrowableCollector.execute(ThrowableCollector.java:73)&#13;
	at org.junit.platform.engine.support.hierarchical.NodeTestTask.lambda$executeRecursively$8(NodeTestTask.java:141)&#13;
	at org.junit.platform.engine.support.hierarchical.Node.around(Node.java:137)&#13;
	at org.junit.platform.engine.support.hierarchical.NodeTestTask.lambda$executeRecursively$9(NodeTestTask.java:139)&#13;
	at org.junit.platform.engine.support.hierarchical.ThrowableCollector.execute(ThrowableCollector.java:73)&#13;
	at org.junit.platform.engine.support.hierarchical.NodeTestTask.executeRecursively(NodeTestTask.java:138)&#13;
	at org.junit.platform.engine.support.hierarchical.NodeTestTask.execute(NodeTestTask.java:95)&#13;
	at org.junit.platform.engine.support.hierarchical.SameThreadHierarchicalTestExecutorService.submit(SameThreadHierarchicalTestExecutorService.java:35)&#13;
	at org.junit.platform.engine.support.hierarchical.HierarchicalTestExecutor.execute(HierarchicalTestExecutor.java:57)&#13;
	at org.junit.platform.engine.support.hierarchical.HierarchicalTestEngine.execute(HierarchicalTestEngine.java:54)&#13;
	at org.junit.platform.launcher.core.EngineExecutionOrchestrator.execute(EngineExecutionOrchestrator.java:147)&#13;
	at org.junit.platform.launcher.core.EngineExecutionOrchestrator.execute(EngineExecutionOrchestrator.java:127)&#13;
	at org.junit.platform.launcher.core.EngineExecutionOrchestrator.execute(EngineExecutionOrchestrator.java:90)&#13;
	at org.junit.platform.launcher.core.EngineExecutionOrchestrator.lambda$execute$0(EngineExecutionOrchestrator.java:55)&#13;
	at org.junit.platform.launcher.core.EngineExecutionOrchestrator.withInterceptedStreams(EngineExecutionOrchestrator.java:102)&#13;
	at org.junit.platform.launcher.core.EngineExecutionOrchestrator.execute(EngineExecutionOrchestrator.java:54)&#13;
	at org.junit.platform.launcher.core.DefaultLauncher.execute(DefaultLauncher.java:114)&#13;
	at org.junit.platform.launcher.core.DefaultLauncher.execute(DefaultLauncher.java:95)&#13;
	at org.junit.platform.launcher.core.DefaultLauncherSession$DelegatingLauncher.execute(DefaultLauncherSession.java:91)&#13;
	at org.junit.platform.launcher.core.SessionPerRequestLauncher.execute(SessionPerRequestLauncher.java:60)&#13;
	at org.eclipse.jdt.internal.junit5.runner.JUnit5TestReference.run(JUnit5TestReference.java:98)&#13;
	at org.eclipse.jdt.internal.junit.runner.TestExecution.run(TestExecution.java:40)&#13;
	at org.eclipse.jdt.internal.junit.runner.RemoteTestRunner.runTests(RemoteTestRunner.java:529)&#13;
	at org.eclipse.jdt.internal.junit.runner.RemoteTestRunner.runTests(RemoteTestRunner.java:756)&#13;
	at org.eclipse.jdt.internal.junit.runner.RemoteTestRunner.run(RemoteTestRunner.java:452)&#13;
	at org.eclipse.jdt.internal.junit.runner.RemoteTestRunner.main(RemoteTestRunner.java:210)&#13;
&#13;
</failure>
    </testcase>
  </testsuite>
  <testsuite name="com.cropDetails.Invoice.DtoTestCases.UserTest" time="0.006" displayname="UserTest" uniqueid="[engine:junit-jupiter]/[class:com.cropDetails.Invoice.DtoTestCases.UserTest]">
    <testcase name="testSetterAndGetterMethods" classname="com.cropDetails.Invoice.DtoTestCases.UserTest" time="0.001" displayname="testSetterAndGetterMethods()" uniqueid="[engine:junit-jupiter]/[class:com.cropDetails.Invoice.DtoTestCases.UserTest]/[method:testSetterAndGetterMethods()]"/>
    <testcase name="testConstructorWithArguments" classname="com.cropDetails.Invoice.DtoTestCases.UserTest" time="0.001" displayname="testConstructorWithArguments()" uniqueid="[engine:junit-jupiter]/[class:com.cropDetails.Invoice.DtoTestCases.UserTest]/[method:testConstructorWithArguments()]"/>
    <testcase name="testToStringMethod" classname="com.cropDetails.Invoice.DtoTestCases.UserTest" time="0.001" displayname="testToStringMethod()" uniqueid="[engine:junit-jupiter]/[class:com.cropDetails.Invoice.DtoTestCases.UserTest]/[method:testToStringMethod()]"/>
    <testcase name="testDefaultConstructor" classname="com.cropDetails.Invoice.DtoTestCases.UserTest" time="0.003" displayname="testDefaultConstructor()" uniqueid="[engine:junit-jupiter]/[class:com.cropDetails.Invoice.DtoTestCases.UserTest]/[method:testDefaultConstructor()]"/>
  </testsuite>
  <testsuite name="com.cropDetails.Invoice.DtoTestCases.CropTest" time="0.003" displayname="CropTest" uniqueid="[engine:junit-jupiter]/[class:com.cropDetails.Invoice.DtoTestCases.CropTest]">
    <testcase name="testSetterAndGetterMethods" classname="com.cropDetails.Invoice.DtoTestCases.CropTest" time="0.001" displayname="testSetterAndGetterMethods()" uniqueid="[engine:junit-jupiter]/[class:com.cropDetails.Invoice.DtoTestCases.CropTest]/[method:testSetterAndGetterMethods()]"/>
    <testcase name="testConstructorWithArguments" classname="com.cropDetails.Invoice.DtoTestCases.CropTest" time="0.0" displayname="testConstructorWithArguments()" uniqueid="[engine:junit-jupiter]/[class:com.cropDetails.Invoice.DtoTestCases.CropTest]/[method:testConstructorWithArguments()]"/>
    <testcase name="testToStringMethod" classname="com.cropDetails.Invoice.DtoTestCases.CropTest" time="0.0" displayname="testToStringMethod()" uniqueid="[engine:junit-jupiter]/[class:com.cropDetails.Invoice.DtoTestCases.CropTest]/[method:testToStringMethod()]"/>
    <testcase name="testDefaultConstructor" classname="com.cropDetails.Invoice.DtoTestCases.CropTest" time="0.0" displayname="testDefaultConstructor()" uniqueid="[engine:junit-jupiter]/[class:com.cropDetails.Invoice.DtoTestCases.CropTest]/[method:testDefaultConstructor()]"/>
  </testsuite>
  <testsuite name="com.cropDetails.Invoice.ExceptionHandlerTest.InvoiceExceptionsHandlerTest" time="0.004" displayname="InvoiceExceptionsHandlerTest" uniqueid="[engine:junit-jupiter]/[class:com.cropDetails.Invoice.ExceptionHandlerTest.InvoiceExceptionsHandlerTest]">
    <testcase name="testHandleInvoiceNotRegisteredException" classname="com.cropDetails.Invoice.ExceptionHandlerTest.InvoiceExceptionsHandlerTest" time="0.001" displayname="testHandleInvoiceNotRegisteredException()" uniqueid="[engine:junit-jupiter]/[class:com.cropDetails.Invoice.ExceptionHandlerTest.InvoiceExceptionsHandlerTest]/[method:testHandleInvoiceNotRegisteredException()]"/>
    <testcase name="testHandleInsufficentQuantityException" classname="com.cropDetails.Invoice.ExceptionHandlerTest.InvoiceExceptionsHandlerTest" time="0.001" displayname="testHandleInsufficentQuantityException()" uniqueid="[engine:junit-jupiter]/[class:com.cropDetails.Invoice.ExceptionHandlerTest.InvoiceExceptionsHandlerTest]/[method:testHandleInsufficentQuantityException()]"/>
    <testcase name="testHandleInvoiceNotFoundException" classname="com.cropDetails.Invoice.ExceptionHandlerTest.InvoiceExceptionsHandlerTest" time="0.001" displayname="testHandleInvoiceNotFoundException()" uniqueid="[engine:junit-jupiter]/[class:com.cropDetails.Invoice.ExceptionHandlerTest.InvoiceExceptionsHandlerTest]/[method:testHandleInvoiceNotFoundException()]"/>
    <testcase name="testHandleNotFarmerException" classname="com.cropDetails.Invoice.ExceptionHandlerTest.InvoiceExceptionsHandlerTest" time="0.001" displayname="testHandleNotFarmerException()" uniqueid="[engine:junit-jupiter]/[class:com.cropDetails.Invoice.ExceptionHandlerTest.InvoiceExceptionsHandlerTest]/[method:testHandleNotFarmerException()]"/>
    <testcase name="testHandleNoCropFoundException" classname="com.cropDetails.Invoice.ExceptionHandlerTest.InvoiceExceptionsHandlerTest" time="0.0" displayname="testHandleNoCropFoundException()" uniqueid="[engine:junit-jupiter]/[class:com.cropDetails.Invoice.ExceptionHandlerTest.InvoiceExceptionsHandlerTest]/[method:testHandleNoCropFoundException()]"/>
  </testsuite>
  <testsuite name="com.cropDetails.Invoice.InvoiceServiceApplicationTests" time="0.008" displayname="InvoiceServiceApplicationTests" uniqueid="[engine:junit-jupiter]/[class:com.cropDetails.Invoice.InvoiceServiceApplicationTests]">
    <testcase name="contextLoads" classname="com.cropDetails.Invoice.InvoiceServiceApplicationTests" time="0.008" displayname="contextLoads()" uniqueid="[engine:junit-jupiter]/[class:com.cropDetails.Invoice.InvoiceServiceApplicationTests]/[method:contextLoads()]"/>
  </testsuite>
  <testsuite name="com.cropDetails.Invoice.ModelTestCases.InvoiceTest" time="0.054" displayname="InvoiceTest" uniqueid="[engine:junit-jupiter]/[class:com.cropDetails.Invoice.ModelTestCases.InvoiceTest]">
    <testcase name="testInvoiceId" classname="com.cropDetails.Invoice.ModelTestCases.InvoiceTest" time="0.016" displayname="testInvoiceId()" uniqueid="[engine:junit-jupiter]/[class:com.cropDetails.Invoice.ModelTestCases.InvoiceTest]/[method:testInvoiceId()]"/>
    <testcase name="testSetterAndGetterMethods" classname="com.cropDetails.Invoice.ModelTestCases.InvoiceTest" time="0.003" displayname="testSetterAndGetterMethods()" uniqueid="[engine:junit-jupiter]/[class:com.cropDetails.Invoice.ModelTestCases.InvoiceTest]/[method:testSetterAndGetterMethods()]"/>
    <testcase name="testQuantity" classname="com.cropDetails.Invoice.ModelTestCases.InvoiceTest" time="0.001" displayname="testQuantity()" uniqueid="[engine:junit-jupiter]/[class:com.cropDetails.Invoice.ModelTestCases.InvoiceTest]/[method:testQuantity()]"/>
    <testcase name="testTotalCost" classname="com.cropDetails.Invoice.ModelTestCases.InvoiceTest" time="0.001" displayname="testTotalCost()" uniqueid="[engine:junit-jupiter]/[class:com.cropDetails.Invoice.ModelTestCases.InvoiceTest]/[method:testTotalCost()]"/>
    <testcase name="testDealerId" classname="com.cropDetails.Invoice.ModelTestCases.InvoiceTest" time="0.0" displayname="testDealerId()" uniqueid="[engine:junit-jupiter]/[class:com.cropDetails.Invoice.ModelTestCases.InvoiceTest]/[method:testDealerId()]"/>
    <testcase name="testConstructorWithArguments" classname="com.cropDetails.Invoice.ModelTestCases.InvoiceTest" time="0.001" displayname="testConstructorWithArguments()" uniqueid="[engine:junit-jupiter]/[class:com.cropDetails.Invoice.ModelTestCases.InvoiceTest]/[method:testConstructorWithArguments()]"/>
    <testcase name="testCropId" classname="com.cropDetails.Invoice.ModelTestCases.InvoiceTest" time="0.001" displayname="testCropId()" uniqueid="[engine:junit-jupiter]/[class:com.cropDetails.Invoice.ModelTestCases.InvoiceTest]/[method:testCropId()]"/>
    <testcase name="testFarmerId" classname="com.cropDetails.Invoice.ModelTestCases.InvoiceTest" time="0.001" displayname="testFarmerId()" uniqueid="[engine:junit-jupiter]/[class:com.cropDetails.Invoice.ModelTestCases.InvoiceTest]/[method:testFarmerId()]"/>
    <testcase name="testDateOfPurchase" classname="com.cropDetails.Invoice.ModelTestCases.InvoiceTest" time="0.001" displayname="testDateOfPurchase()" uniqueid="[engine:junit-jupiter]/[class:com.cropDetails.Invoice.ModelTestCases.InvoiceTest]/[method:testDateOfPurchase()]"/>
    <testcase name="testToStringMethod" classname="com.cropDetails.Invoice.ModelTestCases.InvoiceTest" time="0.023" displayname="testToStringMethod()" uniqueid="[engine:junit-jupiter]/[class:com.cropDetails.Invoice.ModelTestCases.InvoiceTest]/[method:testToStringMethod()]">
      <failure>
        <expected>Invoice(invoiceId=653d176102960856fa0df7e8, farmerId=0, dealerId=22, cropId=0, totalCost=1500, quantity=60, dateOfPurchase=2023-10-28T19:44:57.124+05:30)</expected>
        <actual>Invoice(invoiceId=653d176102960856fa0df7e8, farmerId=0, dealerId=22, cropId=0, totalCost=1500, quantity=60, dateOfPurchase=Sat Oct 28 19:44:57 IST 2023)</actual>
        org.opentest4j.AssertionFailedError: expected: &lt;Invoice(invoiceId=653d176102960856fa0df7e8, farmerId=0, dealerId=22, cropId=0, totalCost=1500, quantity=60, dateOfPurchase=2023-10-28T19:44:57.124+05:30)&gt; but was: &lt;Invoice(invoiceId=653d176102960856fa0df7e8, farmerId=0, dealerId=22, cropId=0, totalCost=1500, quantity=60, dateOfPurchase=Sat Oct 28 19:44:57 IST 2023)&gt;&#13;
	at org.junit.jupiter.api.AssertionFailureBuilder.build(AssertionFailureBuilder.java:151)&#13;
	at org.junit.jupiter.api.AssertionFailureBuilder.buildAndThrow(AssertionFailureBuilder.java:132)&#13;
	at org.junit.jupiter.api.AssertEquals.failNotEqual(AssertEquals.java:197)&#13;
	at org.junit.jupiter.api.AssertEquals.assertEquals(AssertEquals.java:182)&#13;
	at org.junit.jupiter.api.AssertEquals.assertEquals(AssertEquals.java:177)&#13;
	at org.junit.jupiter.api.Assertions.assertEquals(Assertions.java:1142)&#13;
	at com.cropDetails.Invoice.ModelTestCases.InvoiceTest.testToStringMethod(InvoiceTest.java:138)&#13;
	at java.base/jdk.internal.reflect.NativeMethodAccessorImpl.invoke0(Native Method)&#13;
	at java.base/jdk.internal.reflect.NativeMethodAccessorImpl.invoke(NativeMethodAccessorImpl.java:77)&#13;
	at java.base/jdk.internal.reflect.DelegatingMethodAccessorImpl.invoke(DelegatingMethodAccessorImpl.java:43)&#13;
	at java.base/java.lang.reflect.Method.invoke(Method.java:568)&#13;
	at org.junit.platform.commons.util.ReflectionUtils.invokeMethod(ReflectionUtils.java:727)&#13;
	at org.junit.jupiter.engine.execution.MethodInvocation.proceed(MethodInvocation.java:60)&#13;
	at org.junit.jupiter.engine.execution.InvocationInterceptorChain$ValidatingInvocation.proceed(InvocationInterceptorChain.java:131)&#13;
	at org.junit.jupiter.engine.extension.TimeoutExtension.intercept(TimeoutExtension.java:156)&#13;
	at org.junit.jupiter.engine.extension.TimeoutExtension.interceptTestableMethod(TimeoutExtension.java:147)&#13;
	at org.junit.jupiter.engine.extension.TimeoutExtension.interceptTestMethod(TimeoutExtension.java:86)&#13;
	at org.junit.jupiter.engine.execution.InterceptingExecutableInvoker$ReflectiveInterceptorCall.lambda$ofVoidMethod$0(InterceptingExecutableInvoker.java:103)&#13;
	at org.junit.jupiter.engine.execution.InterceptingExecutableInvoker.lambda$invoke$0(InterceptingExecutableInvoker.java:93)&#13;
	at org.junit.jupiter.engine.execution.InvocationInterceptorChain$InterceptedInvocation.proceed(InvocationInterceptorChain.java:106)&#13;
	at org.junit.jupiter.engine.execution.InvocationInterceptorChain.proceed(InvocationInterceptorChain.java:64)&#13;
	at org.junit.jupiter.engine.execution.InvocationInterceptorChain.chainAndInvoke(InvocationInterceptorChain.java:45)&#13;
	at org.junit.jupiter.engine.execution.InvocationInterceptorChain.invoke(InvocationInterceptorChain.java:37)&#13;
	at org.junit.jupiter.engine.execution.InterceptingExecutableInvoker.invoke(InterceptingExecutableInvoker.java:92)&#13;
	at org.junit.jupiter.engine.execution.InterceptingExecutableInvoker.invoke(InterceptingExecutableInvoker.java:86)&#13;
	at org.junit.jupiter.engine.descriptor.TestMethodTestDescriptor.lambda$invokeTestMethod$7(TestMethodTestDescriptor.java:217)&#13;
	at org.junit.platform.engine.support.hierarchical.ThrowableCollector.execute(ThrowableCollector.java:73)&#13;
	at org.junit.jupiter.engine.descriptor.TestMethodTestDescriptor.invokeTestMethod(TestMethodTestDescriptor.java:213)&#13;
	at org.junit.jupiter.engine.descriptor.TestMethodTestDescriptor.execute(TestMethodTestDescriptor.java:138)&#13;
	at org.junit.jupiter.engine.descriptor.TestMethodTestDescriptor.execute(TestMethodTestDescriptor.java:68)&#13;
	at org.junit.platform.engine.support.hierarchical.NodeTestTask.lambda$executeRecursively$6(NodeTestTask.java:151)&#13;
	at org.junit.platform.engine.support.hierarchical.ThrowableCollector.execute(ThrowableCollector.java:73)&#13;
	at org.junit.platform.engine.support.hierarchical.NodeTestTask.lambda$executeRecursively$8(NodeTestTask.java:141)&#13;
	at org.junit.platform.engine.support.hierarchical.Node.around(Node.java:137)&#13;
	at org.junit.platform.engine.support.hierarchical.NodeTestTask.lambda$executeRecursively$9(NodeTestTask.java:139)&#13;
	at org.junit.platform.engine.support.hierarchical.ThrowableCollector.execute(ThrowableCollector.java:73)&#13;
	at org.junit.platform.engine.support.hierarchical.NodeTestTask.executeRecursively(NodeTestTask.java:138)&#13;
	at org.junit.platform.engine.support.hierarchical.NodeTestTask.execute(NodeTestTask.java:95)&#13;
	at java.base/java.util.ArrayList.forEach(ArrayList.java:1511)&#13;
	at org.junit.platform.engine.support.hierarchical.SameThreadHierarchicalTestExecutorService.invokeAll(SameThreadHierarchicalTestExecutorService.java:41)&#13;
	at org.junit.platform.engine.support.hierarchical.NodeTestTask.lambda$executeRecursively$6(NodeTestTask.java:155)&#13;
	at org.junit.platform.engine.support.hierarchical.ThrowableCollector.execute(ThrowableCollector.java:73)&#13;
	at org.junit.platform.engine.support.hierarchical.NodeTestTask.lambda$executeRecursively$8(NodeTestTask.java:141)&#13;
	at org.junit.platform.engine.support.hierarchical.Node.around(Node.java:137)&#13;
	at org.junit.platform.engine.support.hierarchical.NodeTestTask.lambda$executeRecursively$9(NodeTestTask.java:139)&#13;
	at org.junit.platform.engine.support.hierarchical.ThrowableCollector.execute(ThrowableCollector.java:73)&#13;
	at org.junit.platform.engine.support.hierarchical.NodeTestTask.executeRecursively(NodeTestTask.java:138)&#13;
	at org.junit.platform.engine.support.hierarchical.NodeTestTask.execute(NodeTestTask.java:95)&#13;
	at java.base/java.util.ArrayList.forEach(ArrayList.java:1511)&#13;
	at org.junit.platform.engine.support.hierarchical.SameThreadHierarchicalTestExecutorService.invokeAll(SameThreadHierarchicalTestExecutorService.java:41)&#13;
	at org.junit.platform.engine.support.hierarchical.NodeTestTask.lambda$executeRecursively$6(NodeTestTask.java:155)&#13;
	at org.junit.platform.engine.support.hierarchical.ThrowableCollector.execute(ThrowableCollector.java:73)&#13;
	at org.junit.platform.engine.support.hierarchical.NodeTestTask.lambda$executeRecursively$8(NodeTestTask.java:141)&#13;
	at org.junit.platform.engine.support.hierarchical.Node.around(Node.java:137)&#13;
	at org.junit.platform.engine.support.hierarchical.NodeTestTask.lambda$executeRecursively$9(NodeTestTask.java:139)&#13;
	at org.junit.platform.engine.support.hierarchical.ThrowableCollector.execute(ThrowableCollector.java:73)&#13;
	at org.junit.platform.engine.support.hierarchical.NodeTestTask.executeRecursively(NodeTestTask.java:138)&#13;
	at org.junit.platform.engine.support.hierarchical.NodeTestTask.execute(NodeTestTask.java:95)&#13;
	at org.junit.platform.engine.support.hierarchical.SameThreadHierarchicalTestExecutorService.submit(SameThreadHierarchicalTestExecutorService.java:35)&#13;
	at org.junit.platform.engine.support.hierarchical.HierarchicalTestExecutor.execute(HierarchicalTestExecutor.java:57)&#13;
	at org.junit.platform.engine.support.hierarchical.HierarchicalTestEngine.execute(HierarchicalTestEngine.java:54)&#13;
	at org.junit.platform.launcher.core.EngineExecutionOrchestrator.execute(EngineExecutionOrchestrator.java:147)&#13;
	at org.junit.platform.launcher.core.EngineExecutionOrchestrator.execute(EngineExecutionOrchestrator.java:127)&#13;
	at org.junit.platform.launcher.core.EngineExecutionOrchestrator.execute(EngineExecutionOrchestrator.java:90)&#13;
	at org.junit.platform.launcher.core.EngineExecutionOrchestrator.lambda$execute$0(EngineExecutionOrchestrator.java:55)&#13;
	at org.junit.platform.launcher.core.EngineExecutionOrchestrator.withInterceptedStreams(EngineExecutionOrchestrator.java:102)&#13;
	at org.junit.platform.launcher.core.EngineExecutionOrchestrator.execute(EngineExecutionOrchestrator.java:54)&#13;
	at org.junit.platform.launcher.core.DefaultLauncher.execute(DefaultLauncher.java:114)&#13;
	at org.junit.platform.launcher.core.DefaultLauncher.execute(DefaultLauncher.java:95)&#13;
	at org.junit.platform.launcher.core.DefaultLauncherSession$DelegatingLauncher.execute(DefaultLauncherSession.java:91)&#13;
	at org.junit.platform.launcher.core.SessionPerRequestLauncher.execute(SessionPerRequestLauncher.java:60)&#13;
	at org.eclipse.jdt.internal.junit5.runner.JUnit5TestReference.run(JUnit5TestReference.java:98)&#13;
	at org.eclipse.jdt.internal.junit.runner.TestExecution.run(TestExecution.java:40)&#13;
	at org.eclipse.jdt.internal.junit.runner.RemoteTestRunner.runTests(RemoteTestRunner.java:529)&#13;
	at org.eclipse.jdt.internal.junit.runner.RemoteTestRunner.runTests(RemoteTestRunner.java:756)&#13;
	at org.eclipse.jdt.internal.junit.runner.RemoteTestRunner.run(RemoteTestRunner.java:452)&#13;
	at org.eclipse.jdt.internal.junit.runner.RemoteTestRunner.main(RemoteTestRunner.java:210)&#13;
&#13;

      </failure>
    </testcase>
    <testcase name="testDefaultConstructor" classname="com.cropDetails.Invoice.ModelTestCases.InvoiceTest" time="0.001" displayname="testDefaultConstructor()" uniqueid="[engine:junit-jupiter]/[class:com.cropDetails.Invoice.ModelTestCases.InvoiceTest]/[method:testDefaultConstructor()]"/>
  </testsuite>
  <testsuite name="com.cropDetails.Invoice.ExceptionsTest.InvoiceNotFoundExceptionTest" time="0.001" displayname="InvoiceNotFoundExceptionTest" uniqueid="[engine:junit-jupiter]/[class:com.cropDetails.Invoice.ExceptionsTest.InvoiceNotFoundExceptionTest]">
    <testcase name="testInvoiceNotFoundException" classname="com.cropDetails.Invoice.ExceptionsTest.InvoiceNotFoundExceptionTest" time="0.001" displayname="testInvoiceNotFoundException()" uniqueid="[engine:junit-jupiter]/[class:com.cropDetails.Invoice.ExceptionsTest.InvoiceNotFoundExceptionTest]/[method:testInvoiceNotFoundException()]"/>
  </testsuite>
  <testsuite name="com.cropDetails.Invoice.ExceptionsTest.NotFarmerExceptionTest" time="0.001" displayname="NotFarmerExceptionTest" uniqueid="[engine:junit-jupiter]/[class:com.cropDetails.Invoice.ExceptionsTest.NotFarmerExceptionTest]">
    <testcase name="testNotFarmerException" classname="com.cropDetails.Invoice.ExceptionsTest.NotFarmerExceptionTest" time="0.001" displayname="testNotFarmerException()" uniqueid="[engine:junit-jupiter]/[class:com.cropDetails.Invoice.ExceptionsTest.NotFarmerExceptionTest]/[method:testNotFarmerException()]"/>
  </testsuite>
  <testsuite name="com.cropDetails.Invoice.ExceptionsTest.ResourceNotFoundExceptionTest" time="0.004" displayname="ResourceNotFoundExceptionTest" uniqueid="[engine:junit-jupiter]/[class:com.cropDetails.Invoice.ExceptionsTest.ResourceNotFoundExceptionTest]">
    <testcase name="testResourceNotFoundExceptionWithMessage" classname="com.cropDetails.Invoice.ExceptionsTest.ResourceNotFoundExceptionTest" time="0.001" displayname="testResourceNotFoundExceptionWithMessage()" uniqueid="[engine:junit-jupiter]/[class:com.cropDetails.Invoice.ExceptionsTest.ResourceNotFoundExceptionTest]/[method:testResourceNotFoundExceptionWithMessage()]"/>
    <testcase name="testResourceNotFoundException" classname="com.cropDetails.Invoice.ExceptionsTest.ResourceNotFoundExceptionTest" time="0.001" displayname="testResourceNotFoundException()" uniqueid="[engine:junit-jupiter]/[class:com.cropDetails.Invoice.ExceptionsTest.ResourceNotFoundExceptionTest]/[method:testResourceNotFoundException()]"/>
    <testcase name="testResourceNotFoundExceptionMessage" classname="com.cropDetails.Invoice.ExceptionsTest.ResourceNotFoundExceptionTest" time="0.001" displayname="testResourceNotFoundExceptionMessage()" uniqueid="[engine:junit-jupiter]/[class:com.cropDetails.Invoice.ExceptionsTest.ResourceNotFoundExceptionTest]/[method:testResourceNotFoundExceptionMessage()]"/>
  </testsuite>
  <testsuite name="com.cropDetails.Invoice.ExceptionsTest.NoCropsFoundExceptionTest" time="0.001" displayname="NoCropsFoundExceptionTest" uniqueid="[engine:junit-jupiter]/[class:com.cropDetails.Invoice.ExceptionsTest.NoCropsFoundExceptionTest]">
    <testcase name="testNoCropsFoundException" classname="com.cropDetails.Invoice.ExceptionsTest.NoCropsFoundExceptionTest" time="0.001" displayname="testNoCropsFoundException()" uniqueid="[engine:junit-jupiter]/[class:com.cropDetails.Invoice.ExceptionsTest.NoCropsFoundExceptionTest]/[method:testNoCropsFoundException()]"/>
  </testsuite>
  <testsuite name="com.cropDetails.Invoice.ExceptionsTest.InSufficentQuantityExceptionTest" time="0.001" displayname="InSufficentQuantityExceptionTest" uniqueid="[engine:junit-jupiter]/[class:com.cropDetails.Invoice.ExceptionsTest.InSufficentQuantityExceptionTest]">
    <testcase name="testInSufficentQuantityException" classname="com.cropDetails.Invoice.ExceptionsTest.InSufficentQuantityExceptionTest" time="0.001" displayname="testInSufficentQuantityException()" uniqueid="[engine:junit-jupiter]/[class:com.cropDetails.Invoice.ExceptionsTest.InSufficentQuantityExceptionTest]/[method:testInSufficentQuantityException()]"/>
  </testsuite>
  <testsuite name="com.cropDetails.Invoice.ExceptionsTest.InvoiceNotRegisteredExceptionTest" time="0.001" displayname="InvoiceNotRegisteredExceptionTest" uniqueid="[engine:junit-jupiter]/[class:com.cropDetails.Invoice.ExceptionsTest.InvoiceNotRegisteredExceptionTest]">
    <testcase name="testInvoiceNotRegisteredException" classname="com.cropDetails.Invoice.ExceptionsTest.InvoiceNotRegisteredExceptionTest" time="0.001" displayname="testInvoiceNotRegisteredException()" uniqueid="[engine:junit-jupiter]/[class:com.cropDetails.Invoice.ExceptionsTest.InvoiceNotRegisteredExceptionTest]/[method:testInvoiceNotRegisteredException()]"/>
  </testsuite>
</testrun>
